<?xml version="1.0" encoding="UTF-8"?>
<testsuite xmlns:xsi="http://www.w3.org/2001/XMLSchema-instance" xsi:noNamespaceSchemaLocation="https://maven.apache.org/surefire/maven-surefire-plugin/xsd/surefire-test-report-3.0.xsd" version="3.0" name="com.wangxu.testdemo.TestDemoApplicationTests" time="19.386" tests="1" errors="0" skipped="0" failures="0">
  <properties>
    <property name="java.specification.version" value="17"/>
    <property name="sun.cpu.isalist" value="amd64"/>
    <property name="sun.jnu.encoding" value="GBK"/>
    <property name="java.class.path" value="C:\wangxu\proj\2025\learnsboot\test-demo\target\test-classes;C:\wangxu\proj\2025\learnsboot\test-demo\target\classes;C:\wangxu\maven_repository\org\springframework\boot\spring-boot-starter-web\3.3.5\spring-boot-starter-web-3.3.5.jar;C:\wangxu\maven_repository\org\springframework\boot\spring-boot-starter\3.3.5\spring-boot-starter-3.3.5.jar;C:\wangxu\maven_repository\org\springframework\boot\spring-boot\3.3.5\spring-boot-3.3.5.jar;C:\wangxu\maven_repository\org\springframework\boot\spring-boot-autoconfigure\3.3.5\spring-boot-autoconfigure-3.3.5.jar;C:\wangxu\maven_repository\org\springframework\boot\spring-boot-starter-logging\3.3.5\spring-boot-starter-logging-3.3.5.jar;C:\wangxu\maven_repository\ch\qos\logback\logback-classic\1.5.11\logback-classic-1.5.11.jar;C:\wangxu\maven_repository\ch\qos\logback\logback-core\1.5.11\logback-core-1.5.11.jar;C:\wangxu\maven_repository\org\apache\logging\log4j\log4j-to-slf4j\2.23.1\log4j-to-slf4j-2.23.1.jar;C:\wangxu\maven_repository\org\apache\logging\log4j\log4j-api\2.23.1\log4j-api-2.23.1.jar;C:\wangxu\maven_repository\org\slf4j\jul-to-slf4j\2.0.16\jul-to-slf4j-2.0.16.jar;C:\wangxu\maven_repository\jakarta\annotation\jakarta.annotation-api\2.1.1\jakarta.annotation-api-2.1.1.jar;C:\wangxu\maven_repository\org\yaml\snakeyaml\2.2\snakeyaml-2.2.jar;C:\wangxu\maven_repository\org\springframework\boot\spring-boot-starter-json\3.3.5\spring-boot-starter-json-3.3.5.jar;C:\wangxu\maven_repository\com\fasterxml\jackson\core\jackson-databind\2.17.2\jackson-databind-2.17.2.jar;C:\wangxu\maven_repository\com\fasterxml\jackson\core\jackson-annotations\2.17.2\jackson-annotations-2.17.2.jar;C:\wangxu\maven_repository\com\fasterxml\jackson\core\jackson-core\2.17.2\jackson-core-2.17.2.jar;C:\wangxu\maven_repository\com\fasterxml\jackson\datatype\jackson-datatype-jdk8\2.17.2\jackson-datatype-jdk8-2.17.2.jar;C:\wangxu\maven_repository\com\fasterxml\jackson\datatype\jackson-datatype-jsr310\2.17.2\jackson-datatype-jsr310-2.17.2.jar;C:\wangxu\maven_repository\com\fasterxml\jackson\module\jackson-module-parameter-names\2.17.2\jackson-module-parameter-names-2.17.2.jar;C:\wangxu\maven_repository\org\springframework\boot\spring-boot-starter-tomcat\3.3.5\spring-boot-starter-tomcat-3.3.5.jar;C:\wangxu\maven_repository\org\apache\tomcat\embed\tomcat-embed-core\10.1.31\tomcat-embed-core-10.1.31.jar;C:\wangxu\maven_repository\org\apache\tomcat\embed\tomcat-embed-el\10.1.31\tomcat-embed-el-10.1.31.jar;C:\wangxu\maven_repository\org\apache\tomcat\embed\tomcat-embed-websocket\10.1.31\tomcat-embed-websocket-10.1.31.jar;C:\wangxu\maven_repository\org\springframework\spring-web\6.1.14\spring-web-6.1.14.jar;C:\wangxu\maven_repository\org\springframework\spring-beans\6.1.14\spring-beans-6.1.14.jar;C:\wangxu\maven_repository\io\micrometer\micrometer-observation\1.13.6\micrometer-observation-1.13.6.jar;C:\wangxu\maven_repository\io\micrometer\micrometer-commons\1.13.6\micrometer-commons-1.13.6.jar;C:\wangxu\maven_repository\org\springframework\spring-webmvc\6.1.14\spring-webmvc-6.1.14.jar;C:\wangxu\maven_repository\org\springframework\spring-aop\6.1.14\spring-aop-6.1.14.jar;C:\wangxu\maven_repository\org\springframework\spring-context\6.1.14\spring-context-6.1.14.jar;C:\wangxu\maven_repository\org\springframework\spring-expression\6.1.14\spring-expression-6.1.14.jar;C:\wangxu\maven_repository\org\springframework\boot\spring-boot-starter-test\3.3.5\spring-boot-starter-test-3.3.5.jar;C:\wangxu\maven_repository\org\springframework\boot\spring-boot-test\3.3.5\spring-boot-test-3.3.5.jar;C:\wangxu\maven_repository\org\springframework\boot\spring-boot-test-autoconfigure\3.3.5\spring-boot-test-autoconfigure-3.3.5.jar;C:\wangxu\maven_repository\com\jayway\jsonpath\json-path\2.9.0\json-path-2.9.0.jar;C:\wangxu\maven_repository\org\slf4j\slf4j-api\2.0.16\slf4j-api-2.0.16.jar;C:\wangxu\maven_repository\jakarta\xml\bind\jakarta.xml.bind-api\4.0.2\jakarta.xml.bind-api-4.0.2.jar;C:\wangxu\maven_repository\jakarta\activation\jakarta.activation-api\2.1.3\jakarta.activation-api-2.1.3.jar;C:\wangxu\maven_repository\net\minidev\json-smart\2.5.1\json-smart-2.5.1.jar;C:\wangxu\maven_repository\net\minidev\accessors-smart\2.5.1\accessors-smart-2.5.1.jar;C:\wangxu\maven_repository\org\ow2\asm\asm\9.6\asm-9.6.jar;C:\wangxu\maven_repository\org\assertj\assertj-core\3.25.3\assertj-core-3.25.3.jar;C:\wangxu\maven_repository\net\bytebuddy\byte-buddy\1.14.19\byte-buddy-1.14.19.jar;C:\wangxu\maven_repository\org\awaitility\awaitility\4.2.2\awaitility-4.2.2.jar;C:\wangxu\maven_repository\org\hamcrest\hamcrest\2.2\hamcrest-2.2.jar;C:\wangxu\maven_repository\org\junit\jupiter\junit-jupiter\5.10.5\junit-jupiter-5.10.5.jar;C:\wangxu\maven_repository\org\junit\jupiter\junit-jupiter-api\5.10.5\junit-jupiter-api-5.10.5.jar;C:\wangxu\maven_repository\org\opentest4j\opentest4j\1.3.0\opentest4j-1.3.0.jar;C:\wangxu\maven_repository\org\junit\platform\junit-platform-commons\1.10.5\junit-platform-commons-1.10.5.jar;C:\wangxu\maven_repository\org\apiguardian\apiguardian-api\1.1.2\apiguardian-api-1.1.2.jar;C:\wangxu\maven_repository\org\junit\jupiter\junit-jupiter-params\5.10.5\junit-jupiter-params-5.10.5.jar;C:\wangxu\maven_repository\org\junit\jupiter\junit-jupiter-engine\5.10.5\junit-jupiter-engine-5.10.5.jar;C:\wangxu\maven_repository\org\junit\platform\junit-platform-engine\1.10.5\junit-platform-engine-1.10.5.jar;C:\wangxu\maven_repository\org\mockito\mockito-core\5.11.0\mockito-core-5.11.0.jar;C:\wangxu\maven_repository\net\bytebuddy\byte-buddy-agent\1.14.19\byte-buddy-agent-1.14.19.jar;C:\wangxu\maven_repository\org\objenesis\objenesis\3.3\objenesis-3.3.jar;C:\wangxu\maven_repository\org\mockito\mockito-junit-jupiter\5.11.0\mockito-junit-jupiter-5.11.0.jar;C:\wangxu\maven_repository\org\skyscreamer\jsonassert\1.5.3\jsonassert-1.5.3.jar;C:\wangxu\maven_repository\com\vaadin\external\google\android-json\0.0.20131108.vaadin1\android-json-0.0.20131108.vaadin1.jar;C:\wangxu\maven_repository\org\springframework\spring-core\6.1.14\spring-core-6.1.14.jar;C:\wangxu\maven_repository\org\springframework\spring-jcl\6.1.14\spring-jcl-6.1.14.jar;C:\wangxu\maven_repository\org\springframework\spring-test\6.1.14\spring-test-6.1.14.jar;C:\wangxu\maven_repository\org\xmlunit\xmlunit-core\2.9.1\xmlunit-core-2.9.1.jar;"/>
    <property name="java.vm.vendor" value="Oracle Corporation"/>
    <property name="sun.arch.data.model" value="64"/>
    <property name="user.variant" value=""/>
    <property name="java.vendor.url" value="https://java.oracle.com/"/>
    <property name="user.timezone" value="Asia/Shanghai"/>
    <property name="os.name" value="Windows 10"/>
    <property name="java.vm.specification.version" value="17"/>
    <property name="user.country" value="CN"/>
    <property name="sun.java.launcher" value="SUN_STANDARD"/>
    <property name="sun.boot.library.path" value="C:\Program Files\Java\jdk-17\bin"/>
    <property name="sun.java.command" value="C:\Users\wangx\AppData\Local\Temp\surefire891549416928530118\surefirebooter-20251001103213546_3.jar C:\Users\wangx\AppData\Local\Temp\surefire891549416928530118 2025-10-01T10-31-08_564-jvmRun1 surefire-20251001103213546_1tmp surefire_0-20251001103213546_2tmp"/>
    <property name="jdk.debug" value="release"/>
    <property name="surefire.test.class.path" value="C:\wangxu\proj\2025\learnsboot\test-demo\target\test-classes;C:\wangxu\proj\2025\learnsboot\test-demo\target\classes;C:\wangxu\maven_repository\org\springframework\boot\spring-boot-starter-web\3.3.5\spring-boot-starter-web-3.3.5.jar;C:\wangxu\maven_repository\org\springframework\boot\spring-boot-starter\3.3.5\spring-boot-starter-3.3.5.jar;C:\wangxu\maven_repository\org\springframework\boot\spring-boot\3.3.5\spring-boot-3.3.5.jar;C:\wangxu\maven_repository\org\springframework\boot\spring-boot-autoconfigure\3.3.5\spring-boot-autoconfigure-3.3.5.jar;C:\wangxu\maven_repository\org\springframework\boot\spring-boot-starter-logging\3.3.5\spring-boot-starter-logging-3.3.5.jar;C:\wangxu\maven_repository\ch\qos\logback\logback-classic\1.5.11\logback-classic-1.5.11.jar;C:\wangxu\maven_repository\ch\qos\logback\logback-core\1.5.11\logback-core-1.5.11.jar;C:\wangxu\maven_repository\org\apache\logging\log4j\log4j-to-slf4j\2.23.1\log4j-to-slf4j-2.23.1.jar;C:\wangxu\maven_repository\org\apache\logging\log4j\log4j-api\2.23.1\log4j-api-2.23.1.jar;C:\wangxu\maven_repository\org\slf4j\jul-to-slf4j\2.0.16\jul-to-slf4j-2.0.16.jar;C:\wangxu\maven_repository\jakarta\annotation\jakarta.annotation-api\2.1.1\jakarta.annotation-api-2.1.1.jar;C:\wangxu\maven_repository\org\yaml\snakeyaml\2.2\snakeyaml-2.2.jar;C:\wangxu\maven_repository\org\springframework\boot\spring-boot-starter-json\3.3.5\spring-boot-starter-json-3.3.5.jar;C:\wangxu\maven_repository\com\fasterxml\jackson\core\jackson-databind\2.17.2\jackson-databind-2.17.2.jar;C:\wangxu\maven_repository\com\fasterxml\jackson\core\jackson-annotations\2.17.2\jackson-annotations-2.17.2.jar;C:\wangxu\maven_repository\com\fasterxml\jackson\core\jackson-core\2.17.2\jackson-core-2.17.2.jar;C:\wangxu\maven_repository\com\fasterxml\jackson\datatype\jackson-datatype-jdk8\2.17.2\jackson-datatype-jdk8-2.17.2.jar;C:\wangxu\maven_repository\com\fasterxml\jackson\datatype\jackson-datatype-jsr310\2.17.2\jackson-datatype-jsr310-2.17.2.jar;C:\wangxu\maven_repository\com\fasterxml\jackson\module\jackson-module-parameter-names\2.17.2\jackson-module-parameter-names-2.17.2.jar;C:\wangxu\maven_repository\org\springframework\boot\spring-boot-starter-tomcat\3.3.5\spring-boot-starter-tomcat-3.3.5.jar;C:\wangxu\maven_repository\org\apache\tomcat\embed\tomcat-embed-core\10.1.31\tomcat-embed-core-10.1.31.jar;C:\wangxu\maven_repository\org\apache\tomcat\embed\tomcat-embed-el\10.1.31\tomcat-embed-el-10.1.31.jar;C:\wangxu\maven_repository\org\apache\tomcat\embed\tomcat-embed-websocket\10.1.31\tomcat-embed-websocket-10.1.31.jar;C:\wangxu\maven_repository\org\springframework\spring-web\6.1.14\spring-web-6.1.14.jar;C:\wangxu\maven_repository\org\springframework\spring-beans\6.1.14\spring-beans-6.1.14.jar;C:\wangxu\maven_repository\io\micrometer\micrometer-observation\1.13.6\micrometer-observation-1.13.6.jar;C:\wangxu\maven_repository\io\micrometer\micrometer-commons\1.13.6\micrometer-commons-1.13.6.jar;C:\wangxu\maven_repository\org\springframework\spring-webmvc\6.1.14\spring-webmvc-6.1.14.jar;C:\wangxu\maven_repository\org\springframework\spring-aop\6.1.14\spring-aop-6.1.14.jar;C:\wangxu\maven_repository\org\springframework\spring-context\6.1.14\spring-context-6.1.14.jar;C:\wangxu\maven_repository\org\springframework\spring-expression\6.1.14\spring-expression-6.1.14.jar;C:\wangxu\maven_repository\org\springframework\boot\spring-boot-starter-test\3.3.5\spring-boot-starter-test-3.3.5.jar;C:\wangxu\maven_repository\org\springframework\boot\spring-boot-test\3.3.5\spring-boot-test-3.3.5.jar;C:\wangxu\maven_repository\org\springframework\boot\spring-boot-test-autoconfigure\3.3.5\spring-boot-test-autoconfigure-3.3.5.jar;C:\wangxu\maven_repository\com\jayway\jsonpath\json-path\2.9.0\json-path-2.9.0.jar;C:\wangxu\maven_repository\org\slf4j\slf4j-api\2.0.16\slf4j-api-2.0.16.jar;C:\wangxu\maven_repository\jakarta\xml\bind\jakarta.xml.bind-api\4.0.2\jakarta.xml.bind-api-4.0.2.jar;C:\wangxu\maven_repository\jakarta\activation\jakarta.activation-api\2.1.3\jakarta.activation-api-2.1.3.jar;C:\wangxu\maven_repository\net\minidev\json-smart\2.5.1\json-smart-2.5.1.jar;C:\wangxu\maven_repository\net\minidev\accessors-smart\2.5.1\accessors-smart-2.5.1.jar;C:\wangxu\maven_repository\org\ow2\asm\asm\9.6\asm-9.6.jar;C:\wangxu\maven_repository\org\assertj\assertj-core\3.25.3\assertj-core-3.25.3.jar;C:\wangxu\maven_repository\net\bytebuddy\byte-buddy\1.14.19\byte-buddy-1.14.19.jar;C:\wangxu\maven_repository\org\awaitility\awaitility\4.2.2\awaitility-4.2.2.jar;C:\wangxu\maven_repository\org\hamcrest\hamcrest\2.2\hamcrest-2.2.jar;C:\wangxu\maven_repository\org\junit\jupiter\junit-jupiter\5.10.5\junit-jupiter-5.10.5.jar;C:\wangxu\maven_repository\org\junit\jupiter\junit-jupiter-api\5.10.5\junit-jupiter-api-5.10.5.jar;C:\wangxu\maven_repository\org\opentest4j\opentest4j\1.3.0\opentest4j-1.3.0.jar;C:\wangxu\maven_repository\org\junit\platform\junit-platform-commons\1.10.5\junit-platform-commons-1.10.5.jar;C:\wangxu\maven_repository\org\apiguardian\apiguardian-api\1.1.2\apiguardian-api-1.1.2.jar;C:\wangxu\maven_repository\org\junit\jupiter\junit-jupiter-params\5.10.5\junit-jupiter-params-5.10.5.jar;C:\wangxu\maven_repository\org\junit\jupiter\junit-jupiter-engine\5.10.5\junit-jupiter-engine-5.10.5.jar;C:\wangxu\maven_repository\org\junit\platform\junit-platform-engine\1.10.5\junit-platform-engine-1.10.5.jar;C:\wangxu\maven_repository\org\mockito\mockito-core\5.11.0\mockito-core-5.11.0.jar;C:\wangxu\maven_repository\net\bytebuddy\byte-buddy-agent\1.14.19\byte-buddy-agent-1.14.19.jar;C:\wangxu\maven_repository\org\objenesis\objenesis\3.3\objenesis-3.3.jar;C:\wangxu\maven_repository\org\mockito\mockito-junit-jupiter\5.11.0\mockito-junit-jupiter-5.11.0.jar;C:\wangxu\maven_repository\org\skyscreamer\jsonassert\1.5.3\jsonassert-1.5.3.jar;C:\wangxu\maven_repository\com\vaadin\external\google\android-json\0.0.20131108.vaadin1\android-json-0.0.20131108.vaadin1.jar;C:\wangxu\maven_repository\org\springframework\spring-core\6.1.14\spring-core-6.1.14.jar;C:\wangxu\maven_repository\org\springframework\spring-jcl\6.1.14\spring-jcl-6.1.14.jar;C:\wangxu\maven_repository\org\springframework\spring-test\6.1.14\spring-test-6.1.14.jar;C:\wangxu\maven_repository\org\xmlunit\xmlunit-core\2.9.1\xmlunit-core-2.9.1.jar;"/>
    <property name="sun.cpu.endian" value="little"/>
    <property name="user.home" value="C:\Users\wangx"/>
    <property name="user.language" value="zh"/>
    <property name="java.specification.vendor" value="Oracle Corporation"/>
    <property name="java.version.date" value="2024-07-16"/>
    <property name="java.home" value="C:\Program Files\Java\jdk-17"/>
    <property name="file.separator" value="\"/>
    <property name="style.color" value="always"/>
    <property name="basedir" value="C:\wangxu\proj\2025\learnsboot\test-demo"/>
    <property name="java.vm.compressedOopsMode" value="32-bit"/>
    <property name="line.separator" value="&#10;"/>
    <property name="java.vm.specification.vendor" value="Oracle Corporation"/>
    <property name="java.specification.name" value="Java Platform API Specification"/>
    <property name="FILE_LOG_CHARSET" value="GBK"/>
    <property name="java.awt.headless" value="true"/>
    <property name="surefire.real.class.path" value="C:\Users\wangx\AppData\Local\Temp\surefire891549416928530118\surefirebooter-20251001103213546_3.jar"/>
    <property name="user.script" value=""/>
    <property name="sun.management.compiler" value="HotSpot 64-Bit Tiered Compilers"/>
    <property name="java.runtime.version" value="17.0.12+8-LTS-286"/>
    <property name="user.name" value="wangxu"/>
    <property name="path.separator" value=";"/>
    <property name="os.version" value="10.0"/>
    <property name="java.runtime.name" value="Java(TM) SE Runtime Environment"/>
    <property name="file.encoding" value="GBK"/>
    <property name="java.vm.name" value="Java HotSpot(TM) 64-Bit Server VM"/>
    <property name="maven.ext.class.path" value="C:\Program Files\JetBrains\IntelliJ IDEA 2025.2\plugins\maven\lib\maven-event-listener.jar"/>
    <property name="localRepository" value="C:\wangxu\maven_repository"/>
    <property name="java.vendor.url.bug" value="https://bugreport.java.com/bugreport/"/>
    <property name="java.io.tmpdir" value="C:\Users\wangx\AppData\Local\Temp\"/>
    <property name="idea.version" value="2025.2"/>
    <property name="java.version" value="17.0.12"/>
    <property name="user.dir" value="C:\wangxu\proj\2025\learnsboot\test-demo"/>
    <property name="os.arch" value="amd64"/>
    <property name="jansi.passthrough" value="true"/>
    <property name="java.vm.specification.name" value="Java Virtual Machine Specification"/>
    <property name="PID" value="8316"/>
    <property name="sun.os.patch.level" value=""/>
    <property name="CONSOLE_LOG_CHARSET" value="GBK"/>
    <property name="native.encoding" value="GBK"/>
    <property name="java.library.path" value="C:\Program Files\Java\jdk-17\bin;C:\WINDOWS\Sun\Java\bin;C:\WINDOWS\system32;C:\WINDOWS;C:\Program Files\Common Files\Oracle\Java\javapath;C:\Program Files (x86)\VMware\VMware Workstation\bin\;C:\WINDOWS\system32;C:\WINDOWS;C:\WINDOWS\System32\Wbem;C:\WINDOWS\System32\WindowsPowerShell\v1.0\;C:\WINDOWS\System32\OpenSSH\;C:\Program Files (x86)\Intel\Intel(R) Management Engine Components\DAL;C:\Program Files\Intel\Intel(R) Management Engine Components\DAL;C:\Program Files\Java\jdk-17\bin;C:\Program Files\dotnet\;C:\Python27;C:\Program Files\nodejs\;C:\Program Files (x86)\NetSarang\Xshell 7\;C:\Program Files (x86)\NetSarang\Xftp 7\;C:\Program Files\Git\cmd;C:\wangxu\app\apache-maven-3.9.11\bin;C:\ProgramData\miniconda3;C:\Program Files\OpenSSL-Win64\bin;C:\Users\wangx\AppData\Local\Microsoft\WindowsApps;C:\Users\wangx\AppData\Roaming\npm;C:\Program Files\JetBrains\IntelliJ IDEA 2025.2\bin;."/>
    <property name="java.vm.info" value="mixed mode, sharing"/>
    <property name="java.vendor" value="Oracle Corporation"/>
    <property name="java.vm.version" value="17.0.12+8-LTS-286"/>
    <property name="sun.io.unicode.encoding" value="UnicodeLittle"/>
    <property name="java.class.version" value="61.0"/>
    <property name="LOGGED_APPLICATION_NAME" value="[test-demo] "/>
  </properties>
  <testcase name="contextLoads" classname="com.wangxu.testdemo.TestDemoApplicationTests" time="13.41">
    <system-out><![CDATA[10:32:17.282 [main] INFO org.springframework.test.context.support.AnnotationConfigContextLoaderUtils -- Could not detect default configuration classes for test class [com.wangxu.testdemo.TestDemoApplicationTests]: TestDemoApplicationTests does not declare any static, non-private, non-final, nested classes annotated with @Configuration.
10:32:17.666 [main] INFO org.springframework.boot.test.context.SpringBootTestContextBootstrapper -- Found @SpringBootConfiguration com.wangxu.testdemo.TestDemoApplication for test class com.wangxu.testdemo.TestDemoApplicationTests

  .   ____          _            __ _ _
 /\\ / ___'_ __ _ _(_)_ __  __ _ \ \ \ \
( ( )\___ | '_ | '_| | '_ \/ _` | \ \ \ \
 \\/  ___)| |_)| | | | | || (_| |  ) ) ) )
  '  |____| .__|_| |_|_| |_\__, | / / / /
 =========|_|==============|___/=/_/_/_/

 :: Spring Boot ::                (v3.3.5)

2025-10-01T10:32:19.115+08:00  INFO 8316 --- [test-demo] [           main] c.w.testdemo.TestDemoApplicationTests    : Starting TestDemoApplicationTests using Java 17.0.12 with PID 8316 (started by wangxu in C:\wangxu\proj\2025\learnsboot\test-demo)
2025-10-01T10:32:19.119+08:00  INFO 8316 --- [test-demo] [           main] c.w.testdemo.TestDemoApplicationTests    : No active profile set, falling back to 1 default profile: "default"
2025-10-01T10:32:22.259+08:00  INFO 8316 --- [test-demo] [           main] c.w.testdemo.TestDemoApplicationTests    : Started TestDemoApplicationTests in 4.131 seconds (process running for 7.055)
]]></system-out>
  </testcase>
</testsuite>